FILE_TYPE=LIBRARY_PARTS;
PRIMITIVE 'UUN1E221MNQ1MS','UUN1E221MNQ1MS_Capacitor Al Electrolytic';
  PIN
    '+':
      PIN_NUMBER='(1)';
      NO_LOAD_CHECK=BOTH;
      NO_IO_CHECK=BOTH;
      ALLOW_CONNECT=TRUE;
      PINUSE='UNSPEC';
    '-':
      PIN_NUMBER='(2)';
      NO_LOAD_CHECK=BOTH;
      NO_IO_CHECK=BOTH;
      ALLOW_CONNECT=TRUE;
      PINUSE='UNSPEC';
  END_PIN;
  BODY
    PART_NAME='UUN1E221MNQ1MS';
    PHYS_DES_PREFIX='C';
    NO_LOAD_CHECK='TRUE';
    PIN_COUNT='2';
    BODY_NAME='UUN1E221MNQ1MS';
    JEDEC_TYPE='CAPAE1360X1450N';
  END_BODY;
END_PRIMITIVE;
END.
