FILE_TYPE=LIBRARY_PARTS;
PRIMITIVE 'DG128_5.0_02P_14','DG128_5.0_02P_14_Other';
  PIN
    '1':
      PIN_NUMBER='(1)';
      NO_LOAD_CHECK=BOTH;
      NO_IO_CHECK=BOTH;
      ALLOW_CONNECT=TRUE;
      PINUSE='UNSPEC';
    '2':
      PIN_NUMBER='(2)';
      NO_LOAD_CHECK=BOTH;
      NO_IO_CHECK=BOTH;
      ALLOW_CONNECT=TRUE;
      PINUSE='UNSPEC';
  END_PIN;
  BODY
    PART_NAME='DG128_5.0_02P_14';
    PHYS_DES_PREFIX='J';
    NO_LOAD_CHECK='TRUE';
    PIN_COUNT='2';
    BODY_NAME='DG128_5.0_02P_14';
    JEDEC_TYPE='DG1285002P14';
  END_BODY;
END_PRIMITIVE;
END.
