FILE_TYPE=LIBRARY_PARTS;
PRIMITIVE 'DG308_2.54_03P_14_00AH','DG308_2.54_03P_14_00AH_Other';
  PIN
    '1':
      PIN_NUMBER='(1)';
      NO_LOAD_CHECK=BOTH;
      NO_IO_CHECK=BOTH;
      ALLOW_CONNECT=TRUE;
      PINUSE='UNSPEC';
    '2':
      PIN_NUMBER='(2)';
      NO_LOAD_CHECK=BOTH;
      NO_IO_CHECK=BOTH;
      ALLOW_CONNECT=TRUE;
      PINUSE='UNSPEC';
    '3':
      PIN_NUMBER='(3)';
      NO_LOAD_CHECK=BOTH;
      NO_IO_CHECK=BOTH;
      ALLOW_CONNECT=TRUE;
      PINUSE='UNSPEC';
  END_PIN;
  BODY
    PART_NAME='DG308_2.54_03P_14_00AH';
    PHYS_DES_PREFIX='J';
    NO_LOAD_CHECK='TRUE';
    PIN_COUNT='3';
    BODY_NAME='DG308_2.54_03P_14_00AH';
    JEDEC_TYPE='DG30825403P1400AH';
  END_BODY;
END_PRIMITIVE;
END.
