FILE_TYPE=LIBRARY_PARTS;
PRIMITIVE 'FYLS_0805UBC','FYLS_0805UBC_Other';
  PIN
    'K':
      PIN_NUMBER='(1)';
      NO_LOAD_CHECK=BOTH;
      NO_IO_CHECK=BOTH;
      ALLOW_CONNECT=TRUE;
      PINUSE='UNSPEC';
    'A':
      PIN_NUMBER='(2)';
      NO_LOAD_CHECK=BOTH;
      NO_IO_CHECK=BOTH;
      ALLOW_CONNECT=TRUE;
      PINUSE='UNSPEC';
  END_PIN;
  BODY
    PART_NAME='FYLS_0805UBC';
    PHYS_DES_PREFIX='LED';
    NO_LOAD_CHECK='TRUE';
    PIN_COUNT='2';
    BODY_NAME='FYLS_0805UBC';
    JEDEC_TYPE='FYLS0805UBC';
  END_BODY;
END_PRIMITIVE;
END.
