FILE_TYPE=LIBRARY_PARTS;
PRIMITIVE 'TS170R1H105MSBFA0R','TS170R1H105MSBFA0R_Other';
  PIN
    '1':
      PIN_NUMBER='(1)';
      NO_LOAD_CHECK=BOTH;
      NO_IO_CHECK=BOTH;
      ALLOW_CONNECT=TRUE;
      PINUSE='UNSPEC';
    '2':
      PIN_NUMBER='(2)';
      NO_LOAD_CHECK=BOTH;
      NO_IO_CHECK=BOTH;
      ALLOW_CONNECT=TRUE;
      PINUSE='UNSPEC';
  END_PIN;
  BODY
    PART_NAME='TS170R1H105MSBFA0R';
    PHYS_DES_PREFIX='C';
    NO_LOAD_CHECK='TRUE';
    PIN_COUNT='2';
    BODY_NAME='TS170R1H105MSBFA0R';
    JEDEC_TYPE='TS170R1H105MSBFA0R';
  END_BODY;
END_PRIMITIVE;
END.
