FILE_TYPE=LIBRARY_PARTS;
PRIMITIVE 'DG127_5.08_02P_14_1000AH','DG127_5.08_02P_14_1000AH_Other';
  PIN
    '1':
      PIN_NUMBER='(1)';
      NO_LOAD_CHECK=BOTH;
      NO_IO_CHECK=BOTH;
      ALLOW_CONNECT=TRUE;
      PINUSE='UNSPEC';
    '2':
      PIN_NUMBER='(2)';
      NO_LOAD_CHECK=BOTH;
      NO_IO_CHECK=BOTH;
      ALLOW_CONNECT=TRUE;
      PINUSE='UNSPEC';
  END_PIN;
  BODY
    PART_NAME='DG127_5.08_02P_14_1000AH';
    PHYS_DES_PREFIX='J';
    NO_LOAD_CHECK='TRUE';
    PIN_COUNT='2';
    BODY_NAME='DG127_5.08_02P_14_1000AH';
    JEDEC_TYPE='DG12750802P141000AH';
  END_BODY;
END_PRIMITIVE;
END.
